INFO: [VRFC 10-2263] Analyzing Verilog file "/home/agustin/Escritorio/Github/QMARL/fpga/QGT_Final/QGT_Final.sim/sim_1/synth/timing/xsim/QGT_tb_time_synth.v" into library xil_defaultlib
INFO: [VRFC 10-311] analyzing module design_1
INFO: [VRFC 10-311] analyzing module design_1_QGT_state_fixpt_0_0
INFO: [VRFC 10-311] analyzing module design_1_QGT_state_fixpt_0_0_QGT_state_fixpt
INFO: [VRFC 10-311] analyzing module design_1_auto_pc_0
INFO: [VRFC 10-311] analyzing module design_1_auto_pc_0_axi_protocol_converter_v2_1_25_axi_protocol_converter
INFO: [VRFC 10-311] analyzing module design_1_auto_pc_0_axi_protocol_converter_v2_1_25_b2s
INFO: [VRFC 10-311] analyzing module design_1_auto_pc_0_axi_protocol_converter_v2_1_25_b2s_ar_channel
INFO: [VRFC 10-311] analyzing module design_1_auto_pc_0_axi_protocol_converter_v2_1_25_b2s_aw_channel
INFO: [VRFC 10-311] analyzing module design_1_auto_pc_0_axi_protocol_converter_v2_1_25_b2s_b_channel
INFO: [VRFC 10-311] analyzing module design_1_auto_pc_0_axi_protocol_converter_v2_1_25_b2s_cmd_translator
INFO: [VRFC 10-311] analyzing module design_1_auto_pc_0_axi_protocol_converter_v2_1_25_b2s_cmd_translator_1
INFO: [VRFC 10-311] analyzing module design_1_auto_pc_0_axi_protocol_converter_v2_1_25_b2s_incr_cmd
INFO: [VRFC 10-311] analyzing module design_1_auto_pc_0_axi_protocol_converter_v2_1_25_b2s_incr_cmd_2
INFO: [VRFC 10-311] analyzing module design_1_auto_pc_0_axi_protocol_converter_v2_1_25_b2s_r_channel
INFO: [VRFC 10-311] analyzing module design_1_auto_pc_0_axi_protocol_converter_v2_1_25_b2s_rd_cmd_fsm
INFO: [VRFC 10-311] analyzing module design_1_auto_pc_0_axi_protocol_converter_v2_1_25_b2s_simple_fifo
INFO: [VRFC 10-311] analyzing module design_1_auto_pc_0_axi_protocol_converter_v2_1_25_b2s_simple_fifo__parameterized0
INFO: [VRFC 10-311] analyzing module design_1_auto_pc_0_axi_protocol_converter_v2_1_25_b2s_simple_fifo__parameterized1
INFO: [VRFC 10-311] analyzing module design_1_auto_pc_0_axi_protocol_converter_v2_1_25_b2s_simple_fifo__parameterized2
INFO: [VRFC 10-311] analyzing module design_1_auto_pc_0_axi_protocol_converter_v2_1_25_b2s_wr_cmd_fsm
INFO: [VRFC 10-311] analyzing module design_1_auto_pc_0_axi_protocol_converter_v2_1_25_b2s_wrap_cmd
INFO: [VRFC 10-311] analyzing module design_1_auto_pc_0_axi_protocol_converter_v2_1_25_b2s_wrap_cmd_3
INFO: [VRFC 10-311] analyzing module design_1_auto_pc_0_axi_register_slice_v2_1_25_axi_register_slice
INFO: [VRFC 10-311] analyzing module design_1_auto_pc_0_axi_register_slice_v2_1_25_axic_register_slice
INFO: [VRFC 10-311] analyzing module design_1_auto_pc_0_axi_register_slice_v2_1_25_axic_register_slice_0
INFO: [VRFC 10-311] analyzing module design_1_auto_pc_0_axi_register_slice_v2_1_25_axic_register_slice__parameterized1
INFO: [VRFC 10-311] analyzing module design_1_auto_pc_0_axi_register_slice_v2_1_25_axic_register_slice__parameterized2
INFO: [VRFC 10-311] analyzing module design_1_comblock_0_0
INFO: [VRFC 10-311] analyzing module design_1_comblock_0_0_AXIL
INFO: [VRFC 10-311] analyzing module design_1_comblock_0_0_ComBlock
INFO: [VRFC 10-311] analyzing module design_1_comblock_0_0_axi_comblock
INFO: [VRFC 10-311] analyzing module design_1_processing_system7_0_0
INFO: [VRFC 10-311] analyzing module design_1_processing_system7_0_0_processing_system7_v5_5_processing_system7
INFO: [VRFC 10-311] analyzing module design_1_ps7_0_axi_periph_0
INFO: [VRFC 10-311] analyzing module design_1_rst_ps7_0_100M_0
INFO: [VRFC 10-311] analyzing module design_1_rst_ps7_0_100M_0_cdc_sync
INFO: [VRFC 10-311] analyzing module design_1_rst_ps7_0_100M_0_cdc_sync_0
INFO: [VRFC 10-311] analyzing module design_1_rst_ps7_0_100M_0_lpf
INFO: [VRFC 10-311] analyzing module design_1_rst_ps7_0_100M_0_proc_sys_reset
INFO: [VRFC 10-311] analyzing module design_1_rst_ps7_0_100M_0_sequence_psr
INFO: [VRFC 10-311] analyzing module design_1_rst_ps7_0_100M_0_upcnt_n
INFO: [VRFC 10-311] analyzing module design_1_wrapper
INFO: [VRFC 10-311] analyzing module s00_couplers_imp_UYSKKA
INFO: [VRFC 10-311] analyzing module glbl
